c:\dev\supermouseengine\bin\debug-x64\supermouseengine\supermouseengine.pdb
c:\dev\supermouseengine\bin\debug-x64\supermouseengine\supermouseengine.idb
c:\dev\supermouseengine\bin-int\debug-x64\supermouseengine\figure.obj
c:\dev\supermouseengine\bin-int\debug-x64\supermouseengine\drawable.obj
c:\dev\supermouseengine\bin-int\debug-x64\supermouseengine\main.obj
c:\dev\supermouseengine\bin-int\debug-x64\supermouseengine\game.obj
c:\dev\supermouseengine\bin-int\debug-x64\supermouseengine\input.obj
c:\dev\supermouseengine\bin-int\debug-x64\supermouseengine\brick.obj
c:\dev\supermouseengine\bin-int\debug-x64\supermouseengine\areaelement.obj
c:\dev\supermouseengine\bin-int\debug-x64\supermouseengine\color.obj
c:\dev\supermouseengine\bin-int\debug-x64\supermouseengine\log.obj
c:\dev\supermouseengine\bin\debug-x64\supermouseengine\supermouseengine.lib
c:\dev\supermouseengine\bin-int\debug-x64\supermouseengine\supermouseengine.vcxproj.filelistabsolute.txt
c:\dev\supermouseengine\bin-int\debug-x64\supermouseengine\supermouseengine.tlog\cl.command.1.tlog
c:\dev\supermouseengine\bin-int\debug-x64\supermouseengine\supermouseengine.tlog\cl.items.tlog
c:\dev\supermouseengine\bin-int\debug-x64\supermouseengine\supermouseengine.tlog\cl.read.1.tlog
c:\dev\supermouseengine\bin-int\debug-x64\supermouseengine\supermouseengine.tlog\cl.write.1.tlog
c:\dev\supermouseengine\bin-int\debug-x64\supermouseengine\supermouseengine.tlog\lib-link.read.1.tlog
c:\dev\supermouseengine\bin-int\debug-x64\supermouseengine\supermouseengine.tlog\lib-link.write.1.tlog
c:\dev\supermouseengine\bin-int\debug-x64\supermouseengine\supermouseengine.tlog\lib.command.1.tlog
